Array
(
    [0] => Array
        (
            [REDIRECT_STATUS] => 200
            [HTTP_HOST] => localhost:8080
            [HTTP_CONNECTION] => keep-alive
            [HTTP_ACCEPT] => */*
            [HTTP_ACCESS_CONTROL_REQUEST_METHOD] => POST
            [HTTP_ACCESS_CONTROL_REQUEST_HEADERS] => content-type
            [HTTP_ORIGIN] => http://localhost
            [HTTP_USER_AGENT] => Mozilla/5.0 (Windows NT 10.0; Win64; x64) AppleWebKit/537.36 (KHTML, like Gecko) Chrome/104.0.5112.81 Safari/537.36
            [HTTP_SEC_FETCH_MODE] => cors
            [HTTP_SEC_FETCH_SITE] => same-site
            [HTTP_SEC_FETCH_DEST] => empty
            [HTTP_REFERER] => http://localhost/
            [HTTP_ACCEPT_ENCODING] => gzip, deflate, br
            [HTTP_ACCEPT_LANGUAGE] => pt-BR,pt;q=0.9,en-US;q=0.8,en;q=0.7
            [PATH] => /usr/local/sbin:/usr/local/bin:/usr/sbin:/usr/bin:/sbin:/bin
            [SERVER_SIGNATURE] => <address>Apache/2.4.54 (Debian) Server at localhost Port 8080</address>

            [SERVER_SOFTWARE] => Apache/2.4.54 (Debian)
            [SERVER_NAME] => localhost
            [SERVER_ADDR] => 172.20.0.5
            [SERVER_PORT] => 8080
            [REMOTE_ADDR] => 172.20.0.1
            [DOCUMENT_ROOT] => /var/www/html
            [REQUEST_SCHEME] => http
            [CONTEXT_PREFIX] => 
            [CONTEXT_DOCUMENT_ROOT] => /var/www/html
            [SERVER_ADMIN] => webmaster@localhost
            [SCRIPT_FILENAME] => /var/www/html/index.php
            [REMOTE_PORT] => 51648
            [REDIRECT_URL] => /api/produtos
            [REDIRECT_QUERY_STRING] => url=api/produtos
            [GATEWAY_INTERFACE] => CGI/1.1
            [SERVER_PROTOCOL] => HTTP/1.1
            [REQUEST_METHOD] => OPTIONS
            [QUERY_STRING] => url=api/produtos
            [REQUEST_URI] => /api/produtos
            [SCRIPT_NAME] => /index.php
            [PHP_SELF] => /index.php
            [REQUEST_TIME_FLOAT] => 1660543731.3208
            [REQUEST_TIME] => 1660543731
            [argv] => Array
                (
                    [0] => url=api/produtos
                )

            [argc] => 1
        )

    [1] => Array
        (
        )

    [2] => Array
        (
            [url] => api/produtos
        )

    [3] => Array
        (
            [Host] => localhost:8080
            [Connection] => keep-alive
            [Accept] => */*
            [Access-Control-Request-Method] => POST
            [Access-Control-Request-Headers] => content-type
            [Origin] => http://localhost
            [User-Agent] => Mozilla/5.0 (Windows NT 10.0; Win64; x64) AppleWebKit/537.36 (KHTML, like Gecko) Chrome/104.0.5112.81 Safari/537.36
            [Sec-Fetch-Mode] => cors
            [Sec-Fetch-Site] => same-site
            [Sec-Fetch-Dest] => empty
            [Referer] => http://localhost/
            [Accept-Encoding] => gzip, deflate, br
            [Accept-Language] => pt-BR,pt;q=0.9,en-US;q=0.8,en;q=0.7
        )

    [4] => 
    [5] => Array
        (
            [Host] => localhost:8080
            [Connection] => keep-alive
            [Accept] => */*
            [Access-Control-Request-Method] => POST
            [Access-Control-Request-Headers] => content-type
            [Origin] => http://localhost
            [User-Agent] => Mozilla/5.0 (Windows NT 10.0; Win64; x64) AppleWebKit/537.36 (KHTML, like Gecko) Chrome/104.0.5112.81 Safari/537.36
            [Sec-Fetch-Mode] => cors
            [Sec-Fetch-Site] => same-site
            [Sec-Fetch-Dest] => empty
            [Referer] => http://localhost/
            [Accept-Encoding] => gzip, deflate, br
            [Accept-Language] => pt-BR,pt;q=0.9,en-US;q=0.8,en;q=0.7
        )

)

 
 
Array
(
    [0] => Array
        (
            [REDIRECT_STATUS] => 200
            [HTTP_HOST] => localhost:8080
            [HTTP_CONNECTION] => keep-alive
            [HTTP_ACCEPT] => */*
            [HTTP_ACCESS_CONTROL_REQUEST_METHOD] => POST
            [HTTP_ACCESS_CONTROL_REQUEST_HEADERS] => content-type
            [HTTP_ORIGIN] => http://localhost
            [HTTP_USER_AGENT] => Mozilla/5.0 (Windows NT 10.0; Win64; x64) AppleWebKit/537.36 (KHTML, like Gecko) Chrome/104.0.5112.81 Safari/537.36
            [HTTP_SEC_FETCH_MODE] => cors
            [HTTP_SEC_FETCH_SITE] => same-site
            [HTTP_SEC_FETCH_DEST] => empty
            [HTTP_REFERER] => http://localhost/
            [HTTP_ACCEPT_ENCODING] => gzip, deflate, br
            [HTTP_ACCEPT_LANGUAGE] => pt-BR,pt;q=0.9,en-US;q=0.8,en;q=0.7
            [PATH] => /usr/local/sbin:/usr/local/bin:/usr/sbin:/usr/bin:/sbin:/bin
            [SERVER_SIGNATURE] => <address>Apache/2.4.54 (Debian) Server at localhost Port 8080</address>

            [SERVER_SOFTWARE] => Apache/2.4.54 (Debian)
            [SERVER_NAME] => localhost
            [SERVER_ADDR] => 172.20.0.5
            [SERVER_PORT] => 8080
            [REMOTE_ADDR] => 172.20.0.1
            [DOCUMENT_ROOT] => /var/www/html
            [REQUEST_SCHEME] => http
            [CONTEXT_PREFIX] => 
            [CONTEXT_DOCUMENT_ROOT] => /var/www/html
            [SERVER_ADMIN] => webmaster@localhost
            [SCRIPT_FILENAME] => /var/www/html/index.php
            [REMOTE_PORT] => 52078
            [REDIRECT_URL] => /api/produtos
            [REDIRECT_QUERY_STRING] => url=api/produtos
            [GATEWAY_INTERFACE] => CGI/1.1
            [SERVER_PROTOCOL] => HTTP/1.1
            [REQUEST_METHOD] => OPTIONS
            [QUERY_STRING] => url=api/produtos
            [REQUEST_URI] => /api/produtos
            [SCRIPT_NAME] => /index.php
            [PHP_SELF] => /index.php
            [REQUEST_TIME_FLOAT] => 1660546044.802
            [REQUEST_TIME] => 1660546044
            [argv] => Array
                (
                    [0] => url=api/produtos
                )

            [argc] => 1
        )

    [1] => Array
        (
        )

    [2] => Array
        (
            [url] => api/produtos
        )

    [3] => Array
        (
            [Host] => localhost:8080
            [Connection] => keep-alive
            [Accept] => */*
            [Access-Control-Request-Method] => POST
            [Access-Control-Request-Headers] => content-type
            [Origin] => http://localhost
            [User-Agent] => Mozilla/5.0 (Windows NT 10.0; Win64; x64) AppleWebKit/537.36 (KHTML, like Gecko) Chrome/104.0.5112.81 Safari/537.36
            [Sec-Fetch-Mode] => cors
            [Sec-Fetch-Site] => same-site
            [Sec-Fetch-Dest] => empty
            [Referer] => http://localhost/
            [Accept-Encoding] => gzip, deflate, br
            [Accept-Language] => pt-BR,pt;q=0.9,en-US;q=0.8,en;q=0.7
        )

    [4] => 
    [5] => Array
        (
            [Host] => localhost:8080
            [Connection] => keep-alive
            [Accept] => */*
            [Access-Control-Request-Method] => POST
            [Access-Control-Request-Headers] => content-type
            [Origin] => http://localhost
            [User-Agent] => Mozilla/5.0 (Windows NT 10.0; Win64; x64) AppleWebKit/537.36 (KHTML, like Gecko) Chrome/104.0.5112.81 Safari/537.36
            [Sec-Fetch-Mode] => cors
            [Sec-Fetch-Site] => same-site
            [Sec-Fetch-Dest] => empty
            [Referer] => http://localhost/
            [Accept-Encoding] => gzip, deflate, br
            [Accept-Language] => pt-BR,pt;q=0.9,en-US;q=0.8,en;q=0.7
        )

)

 
 
Array
(
    [0] => Array
        (
            [REDIRECT_STATUS] => 200
            [HTTP_HOST] => localhost:8080
            [HTTP_CONNECTION] => keep-alive
            [HTTP_ACCEPT] => */*
            [HTTP_ACCESS_CONTROL_REQUEST_METHOD] => POST
            [HTTP_ACCESS_CONTROL_REQUEST_HEADERS] => content-type
            [HTTP_ORIGIN] => http://localhost:5173
            [HTTP_USER_AGENT] => Mozilla/5.0 (Windows NT 10.0; Win64; x64) AppleWebKit/537.36 (KHTML, like Gecko) Chrome/104.0.5112.81 Safari/537.36
            [HTTP_SEC_FETCH_MODE] => cors
            [HTTP_SEC_FETCH_SITE] => same-site
            [HTTP_SEC_FETCH_DEST] => empty
            [HTTP_REFERER] => http://localhost:5173/
            [HTTP_ACCEPT_ENCODING] => gzip, deflate, br
            [HTTP_ACCEPT_LANGUAGE] => pt-BR,pt;q=0.9,en-US;q=0.8,en;q=0.7
            [PATH] => /usr/local/sbin:/usr/local/bin:/usr/sbin:/usr/bin:/sbin:/bin
            [SERVER_SIGNATURE] => <address>Apache/2.4.54 (Debian) Server at localhost Port 8080</address>

            [SERVER_SOFTWARE] => Apache/2.4.54 (Debian)
            [SERVER_NAME] => localhost
            [SERVER_ADDR] => 172.20.0.5
            [SERVER_PORT] => 8080
            [REMOTE_ADDR] => 172.20.0.1
            [DOCUMENT_ROOT] => /var/www/html
            [REQUEST_SCHEME] => http
            [CONTEXT_PREFIX] => 
            [CONTEXT_DOCUMENT_ROOT] => /var/www/html
            [SERVER_ADMIN] => webmaster@localhost
            [SCRIPT_FILENAME] => /var/www/html/index.php
            [REMOTE_PORT] => 52150
            [REDIRECT_URL] => /api/produtos
            [REDIRECT_QUERY_STRING] => url=api/produtos
            [GATEWAY_INTERFACE] => CGI/1.1
            [SERVER_PROTOCOL] => HTTP/1.1
            [REQUEST_METHOD] => OPTIONS
            [QUERY_STRING] => url=api/produtos
            [REQUEST_URI] => /api/produtos
            [SCRIPT_NAME] => /index.php
            [PHP_SELF] => /index.php
            [REQUEST_TIME_FLOAT] => 1660546186.1358
            [REQUEST_TIME] => 1660546186
            [argv] => Array
                (
                    [0] => url=api/produtos
                )

            [argc] => 1
        )

    [1] => Array
        (
        )

    [2] => Array
        (
            [url] => api/produtos
        )

    [3] => Array
        (
            [Host] => localhost:8080
            [Connection] => keep-alive
            [Accept] => */*
            [Access-Control-Request-Method] => POST
            [Access-Control-Request-Headers] => content-type
            [Origin] => http://localhost:5173
            [User-Agent] => Mozilla/5.0 (Windows NT 10.0; Win64; x64) AppleWebKit/537.36 (KHTML, like Gecko) Chrome/104.0.5112.81 Safari/537.36
            [Sec-Fetch-Mode] => cors
            [Sec-Fetch-Site] => same-site
            [Sec-Fetch-Dest] => empty
            [Referer] => http://localhost:5173/
            [Accept-Encoding] => gzip, deflate, br
            [Accept-Language] => pt-BR,pt;q=0.9,en-US;q=0.8,en;q=0.7
        )

    [4] => 
    [5] => Array
        (
            [Host] => localhost:8080
            [Connection] => keep-alive
            [Accept] => */*
            [Access-Control-Request-Method] => POST
            [Access-Control-Request-Headers] => content-type
            [Origin] => http://localhost:5173
            [User-Agent] => Mozilla/5.0 (Windows NT 10.0; Win64; x64) AppleWebKit/537.36 (KHTML, like Gecko) Chrome/104.0.5112.81 Safari/537.36
            [Sec-Fetch-Mode] => cors
            [Sec-Fetch-Site] => same-site
            [Sec-Fetch-Dest] => empty
            [Referer] => http://localhost:5173/
            [Accept-Encoding] => gzip, deflate, br
            [Accept-Language] => pt-BR,pt;q=0.9,en-US;q=0.8,en;q=0.7
        )

)

 
 
Array
(
    [0] => Array
        (
            [REDIRECT_STATUS] => 200
            [HTTP_HOST] => localhost:8080
            [HTTP_CONNECTION] => keep-alive
            [HTTP_ACCEPT] => */*
            [HTTP_ACCESS_CONTROL_REQUEST_METHOD] => POST
            [HTTP_ACCESS_CONTROL_REQUEST_HEADERS] => content-type
            [HTTP_ORIGIN] => http://127.0.0.1:5173
            [HTTP_USER_AGENT] => Mozilla/5.0 (Windows NT 10.0; Win64; x64) AppleWebKit/537.36 (KHTML, like Gecko) Chrome/104.0.5112.81 Safari/537.36
            [HTTP_SEC_FETCH_MODE] => cors
            [HTTP_SEC_FETCH_SITE] => cross-site
            [HTTP_SEC_FETCH_DEST] => empty
            [HTTP_REFERER] => http://127.0.0.1:5173/
            [HTTP_ACCEPT_ENCODING] => gzip, deflate, br
            [HTTP_ACCEPT_LANGUAGE] => pt-BR,pt;q=0.9,en-US;q=0.8,en;q=0.7
            [PATH] => /usr/local/sbin:/usr/local/bin:/usr/sbin:/usr/bin:/sbin:/bin
            [SERVER_SIGNATURE] => <address>Apache/2.4.54 (Debian) Server at localhost Port 8080</address>

            [SERVER_SOFTWARE] => Apache/2.4.54 (Debian)
            [SERVER_NAME] => localhost
            [SERVER_ADDR] => 172.20.0.5
            [SERVER_PORT] => 8080
            [REMOTE_ADDR] => 172.20.0.1
            [DOCUMENT_ROOT] => /var/www/html
            [REQUEST_SCHEME] => http
            [CONTEXT_PREFIX] => 
            [CONTEXT_DOCUMENT_ROOT] => /var/www/html
            [SERVER_ADMIN] => webmaster@localhost
            [SCRIPT_FILENAME] => /var/www/html/index.php
            [REMOTE_PORT] => 52174
            [REDIRECT_URL] => /api/produtos
            [REDIRECT_QUERY_STRING] => url=api/produtos
            [GATEWAY_INTERFACE] => CGI/1.1
            [SERVER_PROTOCOL] => HTTP/1.1
            [REQUEST_METHOD] => OPTIONS
            [QUERY_STRING] => url=api/produtos
            [REQUEST_URI] => /api/produtos
            [SCRIPT_NAME] => /index.php
            [PHP_SELF] => /index.php
            [REQUEST_TIME_FLOAT] => 1660546192.2239
            [REQUEST_TIME] => 1660546192
            [argv] => Array
                (
                    [0] => url=api/produtos
                )

            [argc] => 1
        )

    [1] => Array
        (
        )

    [2] => Array
        (
            [url] => api/produtos
        )

    [3] => Array
        (
            [Host] => localhost:8080
            [Connection] => keep-alive
            [Accept] => */*
            [Access-Control-Request-Method] => POST
            [Access-Control-Request-Headers] => content-type
            [Origin] => http://127.0.0.1:5173
            [User-Agent] => Mozilla/5.0 (Windows NT 10.0; Win64; x64) AppleWebKit/537.36 (KHTML, like Gecko) Chrome/104.0.5112.81 Safari/537.36
            [Sec-Fetch-Mode] => cors
            [Sec-Fetch-Site] => cross-site
            [Sec-Fetch-Dest] => empty
            [Referer] => http://127.0.0.1:5173/
            [Accept-Encoding] => gzip, deflate, br
            [Accept-Language] => pt-BR,pt;q=0.9,en-US;q=0.8,en;q=0.7
        )

    [4] => 
    [5] => Array
        (
            [Host] => localhost:8080
            [Connection] => keep-alive
            [Accept] => */*
            [Access-Control-Request-Method] => POST
            [Access-Control-Request-Headers] => content-type
            [Origin] => http://127.0.0.1:5173
            [User-Agent] => Mozilla/5.0 (Windows NT 10.0; Win64; x64) AppleWebKit/537.36 (KHTML, like Gecko) Chrome/104.0.5112.81 Safari/537.36
            [Sec-Fetch-Mode] => cors
            [Sec-Fetch-Site] => cross-site
            [Sec-Fetch-Dest] => empty
            [Referer] => http://127.0.0.1:5173/
            [Accept-Encoding] => gzip, deflate, br
            [Accept-Language] => pt-BR,pt;q=0.9,en-US;q=0.8,en;q=0.7
        )

)

 
 
Array
(
    [0] => Array
        (
            [REDIRECT_STATUS] => 200
            [HTTP_HOST] => localhost:8080
            [HTTP_CONNECTION] => keep-alive
            [HTTP_ACCEPT] => */*
            [HTTP_ACCESS_CONTROL_REQUEST_METHOD] => POST
            [HTTP_ACCESS_CONTROL_REQUEST_HEADERS] => content-type
            [HTTP_ORIGIN] => http://127.0.0.1:5173
            [HTTP_USER_AGENT] => Mozilla/5.0 (Windows NT 10.0; Win64; x64) AppleWebKit/537.36 (KHTML, like Gecko) Chrome/104.0.5112.81 Safari/537.36
            [HTTP_SEC_FETCH_MODE] => cors
            [HTTP_SEC_FETCH_SITE] => cross-site
            [HTTP_SEC_FETCH_DEST] => empty
            [HTTP_REFERER] => http://127.0.0.1:5173/
            [HTTP_ACCEPT_ENCODING] => gzip, deflate, br
            [HTTP_ACCEPT_LANGUAGE] => pt-BR,pt;q=0.9,en-US;q=0.8,en;q=0.7
            [PATH] => /usr/local/sbin:/usr/local/bin:/usr/sbin:/usr/bin:/sbin:/bin
            [SERVER_SIGNATURE] => <address>Apache/2.4.54 (Debian) Server at localhost Port 8080</address>

            [SERVER_SOFTWARE] => Apache/2.4.54 (Debian)
            [SERVER_NAME] => localhost
            [SERVER_ADDR] => 172.20.0.5
            [SERVER_PORT] => 8080
            [REMOTE_ADDR] => 172.20.0.1
            [DOCUMENT_ROOT] => /var/www/html
            [REQUEST_SCHEME] => http
            [CONTEXT_PREFIX] => 
            [CONTEXT_DOCUMENT_ROOT] => /var/www/html
            [SERVER_ADMIN] => webmaster@localhost
            [SCRIPT_FILENAME] => /var/www/html/index.php
            [REMOTE_PORT] => 52214
            [REDIRECT_URL] => /api/produtos
            [REDIRECT_QUERY_STRING] => url=api/produtos
            [GATEWAY_INTERFACE] => CGI/1.1
            [SERVER_PROTOCOL] => HTTP/1.1
            [REQUEST_METHOD] => OPTIONS
            [QUERY_STRING] => url=api/produtos
            [REQUEST_URI] => /api/produtos
            [SCRIPT_NAME] => /index.php
            [PHP_SELF] => /index.php
            [REQUEST_TIME_FLOAT] => 1660546202.9947
            [REQUEST_TIME] => 1660546202
            [argv] => Array
                (
                    [0] => url=api/produtos
                )

            [argc] => 1
        )

    [1] => Array
        (
        )

    [2] => Array
        (
            [url] => api/produtos
        )

    [3] => Array
        (
            [Host] => localhost:8080
            [Connection] => keep-alive
            [Accept] => */*
            [Access-Control-Request-Method] => POST
            [Access-Control-Request-Headers] => content-type
            [Origin] => http://127.0.0.1:5173
            [User-Agent] => Mozilla/5.0 (Windows NT 10.0; Win64; x64) AppleWebKit/537.36 (KHTML, like Gecko) Chrome/104.0.5112.81 Safari/537.36
            [Sec-Fetch-Mode] => cors
            [Sec-Fetch-Site] => cross-site
            [Sec-Fetch-Dest] => empty
            [Referer] => http://127.0.0.1:5173/
            [Accept-Encoding] => gzip, deflate, br
            [Accept-Language] => pt-BR,pt;q=0.9,en-US;q=0.8,en;q=0.7
        )

    [4] => 
    [5] => Array
        (
            [Host] => localhost:8080
            [Connection] => keep-alive
            [Accept] => */*
            [Access-Control-Request-Method] => POST
            [Access-Control-Request-Headers] => content-type
            [Origin] => http://127.0.0.1:5173
            [User-Agent] => Mozilla/5.0 (Windows NT 10.0; Win64; x64) AppleWebKit/537.36 (KHTML, like Gecko) Chrome/104.0.5112.81 Safari/537.36
            [Sec-Fetch-Mode] => cors
            [Sec-Fetch-Site] => cross-site
            [Sec-Fetch-Dest] => empty
            [Referer] => http://127.0.0.1:5173/
            [Accept-Encoding] => gzip, deflate, br
            [Accept-Language] => pt-BR,pt;q=0.9,en-US;q=0.8,en;q=0.7
        )

)

 
 
Array
(
    [0] => Array
        (
            [REDIRECT_STATUS] => 200
            [HTTP_HOST] => localhost:8080
            [HTTP_CONNECTION] => keep-alive
            [HTTP_ACCEPT] => */*
            [HTTP_ACCESS_CONTROL_REQUEST_METHOD] => POST
            [HTTP_ACCESS_CONTROL_REQUEST_HEADERS] => content-type
            [HTTP_ORIGIN] => http://127.0.0.1:5173
            [HTTP_USER_AGENT] => Mozilla/5.0 (Windows NT 10.0; Win64; x64) AppleWebKit/537.36 (KHTML, like Gecko) Chrome/104.0.5112.81 Safari/537.36
            [HTTP_SEC_FETCH_MODE] => cors
            [HTTP_SEC_FETCH_SITE] => cross-site
            [HTTP_SEC_FETCH_DEST] => empty
            [HTTP_REFERER] => http://127.0.0.1:5173/
            [HTTP_ACCEPT_ENCODING] => gzip, deflate, br
            [HTTP_ACCEPT_LANGUAGE] => pt-BR,pt;q=0.9,en-US;q=0.8,en;q=0.7
            [PATH] => /usr/local/sbin:/usr/local/bin:/usr/sbin:/usr/bin:/sbin:/bin
            [SERVER_SIGNATURE] => <address>Apache/2.4.54 (Debian) Server at localhost Port 8080</address>

            [SERVER_SOFTWARE] => Apache/2.4.54 (Debian)
            [SERVER_NAME] => localhost
            [SERVER_ADDR] => 172.20.0.5
            [SERVER_PORT] => 8080
            [REMOTE_ADDR] => 172.20.0.1
            [DOCUMENT_ROOT] => /var/www/html
            [REQUEST_SCHEME] => http
            [CONTEXT_PREFIX] => 
            [CONTEXT_DOCUMENT_ROOT] => /var/www/html
            [SERVER_ADMIN] => webmaster@localhost
            [SCRIPT_FILENAME] => /var/www/html/index.php
            [REMOTE_PORT] => 52258
            [REDIRECT_URL] => /api/produtos
            [REDIRECT_QUERY_STRING] => url=api/produtos
            [GATEWAY_INTERFACE] => CGI/1.1
            [SERVER_PROTOCOL] => HTTP/1.1
            [REQUEST_METHOD] => OPTIONS
            [QUERY_STRING] => url=api/produtos
            [REQUEST_URI] => /api/produtos
            [SCRIPT_NAME] => /index.php
            [PHP_SELF] => /index.php
            [REQUEST_TIME_FLOAT] => 1660546227.9459
            [REQUEST_TIME] => 1660546227
            [argv] => Array
                (
                    [0] => url=api/produtos
                )

            [argc] => 1
        )

    [1] => Array
        (
        )

    [2] => Array
        (
            [url] => api/produtos
        )

    [3] => Array
        (
            [Host] => localhost:8080
            [Connection] => keep-alive
            [Accept] => */*
            [Access-Control-Request-Method] => POST
            [Access-Control-Request-Headers] => content-type
            [Origin] => http://127.0.0.1:5173
            [User-Agent] => Mozilla/5.0 (Windows NT 10.0; Win64; x64) AppleWebKit/537.36 (KHTML, like Gecko) Chrome/104.0.5112.81 Safari/537.36
            [Sec-Fetch-Mode] => cors
            [Sec-Fetch-Site] => cross-site
            [Sec-Fetch-Dest] => empty
            [Referer] => http://127.0.0.1:5173/
            [Accept-Encoding] => gzip, deflate, br
            [Accept-Language] => pt-BR,pt;q=0.9,en-US;q=0.8,en;q=0.7
        )

    [4] => 
    [5] => Array
        (
            [Host] => localhost:8080
            [Connection] => keep-alive
            [Accept] => */*
            [Access-Control-Request-Method] => POST
            [Access-Control-Request-Headers] => content-type
            [Origin] => http://127.0.0.1:5173
            [User-Agent] => Mozilla/5.0 (Windows NT 10.0; Win64; x64) AppleWebKit/537.36 (KHTML, like Gecko) Chrome/104.0.5112.81 Safari/537.36
            [Sec-Fetch-Mode] => cors
            [Sec-Fetch-Site] => cross-site
            [Sec-Fetch-Dest] => empty
            [Referer] => http://127.0.0.1:5173/
            [Accept-Encoding] => gzip, deflate, br
            [Accept-Language] => pt-BR,pt;q=0.9,en-US;q=0.8,en;q=0.7
        )

)

 
 
