Array
(
    [0] => erwerewr
    [1] => 2525
    [2] => ewre
    [3] => 34354
    [4] => CX
    [5] => MP
)

 
 
Array
(
    [0] => BANANINHA PRODUTO
    [1] => 2526
    [2] => 
    [3] => 
    [4] => CX
    [5] => MP
)

 
 
Array
(
    [0] => 
    [1] => 2526
    [2] => 
    [3] => 
    [4] => CX
    [5] => MP
)

 
 
Array
(
    [0] => 
    [1] => 2526
    [2] => 
    [3] => 
    [4] => CX
    [5] => MP
)

 
 
Array
(
    [0] => PRODUTO BANANA caixa
    [1] => 2526
    [2] => 2311111111111
    [3] => 454
    [4] => CX
    [5] => MP
)

 
 
Array
(
    [0] => PRODUTO BANANA caixagg
    [1] => 2526
    [2] => 54654654
    [3] => 2
    [4] => M
    [5] => PA
)

 
 
