Array
(
    [0] => Array
        (
            [0] => Array
                (
                    [0] => PRODUTO BANANA
                    [1] => 2522
                    [2] => 534543543
                    [3] => 543543.00
                    [4] => CX
                    [5] => MP
                    [desc] => PRODUTO BANANA
                    [grupo] => 2522
                    [ean] => 534543543
                    [saldo] => 543543.00
                    [und] => CX
                    [tipo] => MP
                )

            [1] => Array
                (
                    [0] => grgregregre
                    [1] => 2522
                    [2] => 56546546
                    [3] => 5465.00
                    [4] => CX
                    [5] => MP
                    [desc] => grgregregre
                    [grupo] => 2522
                    [ean] => 56546546
                    [saldo] => 5465.00
                    [und] => CX
                    [tipo] => MP
                )

            [produto_grupo] => 2525
            [description] => erwerewr
            [ean] => ewre
            [saldo] => 34354
        )

)

 
 
Array
(
    [0] => Array
        (
            [0] => Array
                (
                    [0] => PRODUTO BANANA
                    [1] => 2522
                    [2] => 534543543
                    [3] => 543543.00
                    [4] => CX
                    [5] => MP
                    [desc] => PRODUTO BANANA
                    [grupo] => 2522
                    [ean] => 534543543
                    [saldo] => 543543.00
                    [und] => CX
                    [tipo] => MP
                )

            [1] => Array
                (
                    [0] => grgregregre
                    [1] => 2522
                    [2] => 56546546
                    [3] => 5465.00
                    [4] => CX
                    [5] => MP
                    [desc] => grgregregre
                    [grupo] => 2522
                    [ean] => 56546546
                    [saldo] => 5465.00
                    [und] => CX
                    [tipo] => MP
                )

            [2] => Array
                (
                    [0] => erwerewr
                    [1] => 2525
                    [2] => ewre
                    [3] => 34354.00
                    [4] => CX
                    [5] => MP
                    [desc] => erwerewr
                    [grupo] => 2525
                    [ean] => ewre
                    [saldo] => 34354.00
                    [und] => CX
                    [tipo] => MP
                )

            [description] => PRODUTO BANANA caixa
            [ean] => 2311111111111
            [saldo] => 454
        )

)

 
 
Array
(
    [0] => Array
        (
            [0] => Array
                (
                    [0] => PRODUTO BANANA caixa
                    [1] => 2526
                    [2] => 2311111111111
                    [3] => 454.00
                    [4] => CX
                    [5] => MP
                    [desc] => PRODUTO BANANA caixa
                    [grupo] => 2526
                    [ean] => 2311111111111
                    [saldo] => 454.00
                    [und] => CX
                    [tipo] => MP
                )

            [1] => Array
                (
                    [0] => PRODUTO BANANA
                    [1] => 2522
                    [2] => 534543543
                    [3] => 543543.00
                    [4] => CX
                    [5] => MP
                    [desc] => PRODUTO BANANA
                    [grupo] => 2522
                    [ean] => 534543543
                    [saldo] => 543543.00
                    [und] => CX
                    [tipo] => MP
                )

            [2] => Array
                (
                    [0] => grgregregre
                    [1] => 2522
                    [2] => 56546546
                    [3] => 5465.00
                    [4] => CX
                    [5] => MP
                    [desc] => grgregregre
                    [grupo] => 2522
                    [ean] => 56546546
                    [saldo] => 5465.00
                    [und] => CX
                    [tipo] => MP
                )

            [3] => Array
                (
                    [0] => erwerewr
                    [1] => 2525
                    [2] => ewre
                    [3] => 34354.00
                    [4] => CX
                    [5] => MP
                    [desc] => erwerewr
                    [grupo] => 2525
                    [ean] => ewre
                    [saldo] => 34354.00
                    [und] => CX
                    [tipo] => MP
                )

            [description] => PRODUTO BANANA caixagg
            [ean] => 54654654
            [saldo] => 2
            [produto_unidade_medida] => M
            [produto_tipo] => PA
        )

)

 
 
