Array
(
    [0] => Array
        (
            [desc] => teste
        )

    [1] => teste
)

 
 
Array
(
    [0] => Array
        (
            [desc] => teste
        )

    [1] => teste
)

 
 
Array
(
    [0] => Array
        (
            [desc] => teste od
        )

    [1] => teste od
)

 
 
Array
(
    [0] => Array
        (
            [desc] => teste od
        )

    [1] => teste od
)

 
 
Array
(
    [0] => Array
        (
            [desc] => teste od
        )

    [1] => teste od
)

 
 
Array
(
    [0] => Array
        (
            [desc] => teste od
        )

    [1] => teste od
)

 
 
Array
(
    [0] => Array
        (
            [desc] => teste od
        )

    [1] => teste od
)

 
 
Array
(
    [0] => Array
        (
            [desc] => teste od
        )

    [1] => teste od
)

 
 
Array
(
    [0] => Array
        (
            [desc] => teste od545
        )

    [1] => teste od545
)

 
 
Array
(
    [0] => Array
        (
            [desc] => teste od545
        )

    [1] => teste od545
)

 
 
Array
(
    [0] => Array
        (
            [desc] => teste od545
        )

    [1] => teste od545
)

 
 
Array
(
    [0] => Array
        (
            [desc] => teste od545
        )

    [1] => teste od545
)

 
 
Array
(
    [0] => Array
        (
            [desc] => teste
        )

    [1] => teste
)

 
 
Array
(
    [0] => Array
        (
            [desc] => teste
        )

    [1] => teste
)

 
 
Array
(
    [0] => Array
        (
            [desc] => teste 5rytry
        )

    [1] => teste 5rytry
)

 
 
Array
(
    [0] => Array
        (
            [desc] => teste 5rytry
        )

    [1] => teste 5rytry
)

 
 
Array
(
    [0] => Array
        (
            [desc] => teste 5rytry
        )

    [1] => teste 5rytry
)

 
 
Array
(
    [0] => Array
        (
            [desc] => burra
        )

    [1] => burra
)

 
 
Array
(
    [0] => Array
        (
            [desc] => burra
        )

    [1] => burra
)

 
 
Array
(
    [0] => Array
        (
            [desc] => burra
        )

    [1] => burra
)

 
 
Array
(
    [0] => Array
        (
            [desc] => teste od
        )

    [1] => teste od
)

 
 
Array
(
    [0] => Array
        (
            [desc] => sasdas
        )

    [1] => sasdas
)

 
 
Array
(
    [0] => Array
        (
            [desc] => sasdasewrew
        )

    [1] => sasdasewrew
)

 
 
